#
# There is insufficient memory for the Java Runtime Environment to continue.
# Native memory allocation (malloc) failed to allocate 1165488 bytes. Error detail: Chunk::new
# Possible reasons:
#   The system is out of physical RAM or swap space
#   This process is running with CompressedOops enabled, and the Java Heap may be blocking the growth of the native heap
# Possible solutions:
#   Reduce memory load on the system
#   Increase physical memory or swap space
#   Check if swap backing store is full
#   Decrease Java heap size (-Xmx/-Xms)
#   Decrease number of Java threads
#   Decrease Java thread stack sizes (-Xss)
#   Set larger code cache with -XX:ReservedCodeCacheSize=
#   JVM is running with Zero Based Compressed Oops mode in which the Java heap is
#     placed in the first 32GB address space. The Java Heap base address is the
#     maximum limit for the native heap growth. Please use -XX:HeapBaseMinAddress
#     to set the Java Heap base and to place the Java Heap above 32GB virtual address.
# This output file may be truncated or incomplete.
#
#  Out of Memory Error (arena.cpp:168), pid=18212, tid=19616
#
# JRE version: OpenJDK Runtime Environment (21.0.4) (build 21.0.4+-12508038-b607.1)
# Java VM: OpenJDK 64-Bit Server VM (21.0.4+-12508038-b607.1, mixed mode, tiered, compressed oops, compressed class ptrs, g1 gc, windows-amd64)
# No core dump will be written. Minidumps are not enabled by default on client versions of Windows
#

---------------  S U M M A R Y ------------

Command Line: org.jetbrains.kotlin.cli.jvm.K2JVMCompiler @D:\HOCTAP\Ky4\DACS3\DACS3-fe\DACS3\app\build\20250516_3429322954061697295.compiler.options

Host: Intel(R) Core(TM) i7-8665U CPU @ 1.90GHz, 8 cores, 15G,  Windows 11 , 64 bit Build 22621 (10.0.22621.3958)
Time: Fri May 16 13:33:08 2025 SE Asia Standard Time elapsed time: 9.687002 seconds (0d 0h 0m 9s)

---------------  T H R E A D  ---------------

Current thread (0x00000176a0767670):  JavaThread "C2 CompilerThread1" daemon [_thread_in_native, id=19616, stack(0x0000003a89400000,0x0000003a89500000) (1024K)]


Current CompileTask:
C2:   9687 10061       4       org.jetbrains.kotlin.descriptors.impl.ModuleAwareClassDescriptor$Companion::getRefinedMemberScopeIfPossible$descriptors (61 bytes)

Stack: [0x0000003a89400000,0x0000003a89500000]
Native frames: (J=compiled Java code, j=interpreted, Vv=VM code, C=native code)
V  [jvm.dll+0x6ce539]
V  [jvm.dll+0x85bf03]
V  [jvm.dll+0x85e45e]
V  [jvm.dll+0x85eb43]
V  [jvm.dll+0x27dd06]
V  [jvm.dll+0xbf9cd]
V  [jvm.dll+0xbff03]
V  [jvm.dll+0x3b4deb]
V  [jvm.dll+0x1de1f2]
V  [jvm.dll+0x247544]
V  [jvm.dll+0x2469c1]
V  [jvm.dll+0x1c58a4]
V  [jvm.dll+0x255fec]
V  [jvm.dll+0x254536]
V  [jvm.dll+0x3efab6]
V  [jvm.dll+0x804418]
V  [jvm.dll+0x6cce0d]
C  [ucrtbase.dll+0x29333]
C  [KERNEL32.DLL+0x1257d]
C  [ntdll.dll+0x5af08]


---------------  P R O C E S S  ---------------

Threads class SMR info:
_java_thread_list=0x00000176a8541cc0, length=13, elements={
0x00000176865ef710, 0x00000176a05a43e0, 0x00000176a05a4f10, 0x00000176a05b1460,
0x00000176a05b1ad0, 0x00000176a05b2140, 0x00000176a05b27b0, 0x00000176a058ad20,
0x00000176a05baf60, 0x00000176a074f230, 0x00000176a074fcb0, 0x00000176a0767670,
0x00000176a6770f90
}

Java Threads: ( => current thread )
  0x00000176865ef710 JavaThread "main"                              [_thread_in_Java, id=16852, stack(0x0000003a88200000,0x0000003a88300000) (1024K)]
  0x00000176a05a43e0 JavaThread "Reference Handler"          daemon [_thread_blocked, id=16372, stack(0x0000003a88a00000,0x0000003a88b00000) (1024K)]
  0x00000176a05a4f10 JavaThread "Finalizer"                  daemon [_thread_blocked, id=15868, stack(0x0000003a88b00000,0x0000003a88c00000) (1024K)]
  0x00000176a05b1460 JavaThread "Signal Dispatcher"          daemon [_thread_blocked, id=2088, stack(0x0000003a88c00000,0x0000003a88d00000) (1024K)]
  0x00000176a05b1ad0 JavaThread "Attach Listener"            daemon [_thread_blocked, id=16784, stack(0x0000003a88d00000,0x0000003a88e00000) (1024K)]
  0x00000176a05b2140 JavaThread "Service Thread"             daemon [_thread_blocked, id=20464, stack(0x0000003a88e00000,0x0000003a88f00000) (1024K)]
  0x00000176a05b27b0 JavaThread "Monitor Deflation Thread"   daemon [_thread_blocked, id=15624, stack(0x0000003a88f00000,0x0000003a89000000) (1024K)]
  0x00000176a058ad20 JavaThread "C2 CompilerThread0"         daemon [_thread_in_native, id=15228, stack(0x0000003a89000000,0x0000003a89100000) (1024K)]
  0x00000176a05baf60 JavaThread "C1 CompilerThread0"         daemon [_thread_blocked, id=2940, stack(0x0000003a89100000,0x0000003a89200000) (1024K)]
  0x00000176a074f230 JavaThread "Notification Thread"        daemon [_thread_blocked, id=19016, stack(0x0000003a89200000,0x0000003a89300000) (1024K)]
  0x00000176a074fcb0 JavaThread "Common-Cleaner"             daemon [_thread_blocked, id=18536, stack(0x0000003a89300000,0x0000003a89400000) (1024K)]
=>0x00000176a0767670 JavaThread "C2 CompilerThread1"         daemon [_thread_in_native, id=19616, stack(0x0000003a89400000,0x0000003a89500000) (1024K)]
  0x00000176a6770f90 JavaThread "C2 CompilerThread2"         daemon [_thread_in_native, id=13420, stack(0x0000003a89500000,0x0000003a89600000) (1024K)]
Total: 13

Other Threads:
  0x00000176a03d6310 VMThread "VM Thread"                           [id=18428, stack(0x0000003a88900000,0x0000003a88a00000) (1024K)]
  0x00000176a0372bc0 WatcherThread "VM Periodic Task Thread"        [id=2200, stack(0x0000003a88800000,0x0000003a88900000) (1024K)]
  0x0000017686651180 WorkerThread "GC Thread#0"                     [id=5068, stack(0x0000003a88300000,0x0000003a88400000) (1024K)]
  0x00000176a558aa00 WorkerThread "GC Thread#1"                     [id=1548, stack(0x0000003a89600000,0x0000003a89700000) (1024K)]
  0x00000176a558ada0 WorkerThread "GC Thread#2"                     [id=20312, stack(0x0000003a89700000,0x0000003a89800000) (1024K)]
  0x00000176a55f0760 WorkerThread "GC Thread#3"                     [id=16340, stack(0x0000003a89800000,0x0000003a89900000) (1024K)]
  0x00000176a55f0b00 WorkerThread "GC Thread#4"                     [id=7272, stack(0x0000003a89900000,0x0000003a89a00000) (1024K)]
  0x00000176a55f0ea0 WorkerThread "GC Thread#5"                     [id=15432, stack(0x0000003a89a00000,0x0000003a89b00000) (1024K)]
  0x00000176a5901610 WorkerThread "GC Thread#6"                     [id=14608, stack(0x0000003a89b00000,0x0000003a89c00000) (1024K)]
  0x00000176a5900ed0 WorkerThread "GC Thread#7"                     [id=7324, stack(0x0000003a89c00000,0x0000003a89d00000) (1024K)]
  0x0000017686661f50 ConcurrentGCThread "G1 Main Marker"            [id=12040, stack(0x0000003a88400000,0x0000003a88500000) (1024K)]
  0x0000017686662a50 WorkerThread "G1 Conc#0"                       [id=10564, stack(0x0000003a88500000,0x0000003a88600000) (1024K)]
  0x00000176a5901270 WorkerThread "G1 Conc#1"                       [id=12800, stack(0x0000003a89d00000,0x0000003a89e00000) (1024K)]
  0x00000176866aeb70 ConcurrentGCThread "G1 Refine#0"               [id=16128, stack(0x0000003a88600000,0x0000003a88700000) (1024K)]
  0x00000176a02418c0 ConcurrentGCThread "G1 Service"                [id=6840, stack(0x0000003a88700000,0x0000003a88800000) (1024K)]
Total: 15

Threads with active compile tasks:
C2 CompilerThread0     9708 10229       4       androidx.room.compiler.processing.ksp.KspAnnotationBoxKt::readAs (679 bytes)
C1 CompilerThread0     9709 10264       3       java.lang.invoke.LambdaForm$MH/0x00000008006e8c00::invoke (27 bytes)
C2 CompilerThread1     9709 10061       4       org.jetbrains.kotlin.descriptors.impl.ModuleAwareClassDescriptor$Companion::getRefinedMemberScopeIfPossible$descriptors (61 bytes)
C2 CompilerThread2     9709 9988       4       org.jetbrains.kotlin.types.KotlinTypeFactory::computeMemberScope (211 bytes)
Total: 4

VM state: not at safepoint (normal execution)

VM Mutex/Monitor currently owned by a thread: None

Heap address: 0x0000000703800000, size: 4040 MB, Compressed Oops mode: Zero based, Oop shift amount: 3

CDS archive(s) not mapped
Compressed class space mapped at: 0x0000000800000000-0x0000000840000000, reserved size: 1073741824
Narrow klass base: 0x0000000800000000, Narrow klass shift: 0, Narrow klass range: 0x40000000

GC Precious Log:
 CardTable entry size: 512
 Card Set container configuration: InlinePtr #cards 4 size 8 Array Of Cards #cards 16 size 48 Howl #buckets 8 coarsen threshold 3686 Howl Bitmap #cards 512 size 80 coarsen threshold 460 Card regions per heap region 1 cards per card region 4096
 CPUs: 8 total, 8 available
 Memory: 16159M
 Large Page Support: Disabled
 NUMA Support: Disabled
 Compressed Oops: Enabled (Zero based)
 Heap Region Size: 2M
 Heap Min Capacity: 8M
 Heap Initial Capacity: 254M
 Heap Max Capacity: 4040M
 Pre-touch: Disabled
 Parallel Workers: 8
 Concurrent Workers: 2
 Concurrent Refinement Workers: 8
 Periodic GC: Disabled

Heap:
 garbage-first heap   total 149504K, used 93843K [0x0000000703800000, 0x0000000800000000)
  region size 2048K, 12 young (24576K), 2 survivors (4096K)
 Metaspace       used 70031K, committed 70912K, reserved 1114112K
  class space    used 7961K, committed 8384K, reserved 1048576K

Heap Regions: E=young(eden), S=young(survivor), O=old, HS=humongous(starts), HC=humongous(continues), CS=collection set, F=free, TAMS=top-at-mark-start, PB=parsable bottom
|   0|0x0000000703800000, 0x0000000703a00000, 0x0000000703a00000|100%|HS|  |TAMS 0x0000000703800000| PB 0x0000000703800000| Complete 
|   1|0x0000000703a00000, 0x0000000703c00000, 0x0000000703c00000|100%|HC|  |TAMS 0x0000000703a00000| PB 0x0000000703a00000| Complete 
|   2|0x0000000703c00000, 0x0000000703e00000, 0x0000000703e00000|100%| O|  |TAMS 0x0000000703c00000| PB 0x0000000703c00000| Untracked 
|   3|0x0000000703e00000, 0x0000000704000000, 0x0000000704000000|100%| O|  |TAMS 0x0000000703e00000| PB 0x0000000703e00000| Untracked 
|   4|0x0000000704000000, 0x0000000704200000, 0x0000000704200000|100%| O|  |TAMS 0x0000000704000000| PB 0x0000000704000000| Untracked 
|   5|0x0000000704200000, 0x0000000704400000, 0x0000000704400000|100%| O|  |TAMS 0x0000000704200000| PB 0x0000000704200000| Untracked 
|   6|0x0000000704400000, 0x0000000704600000, 0x0000000704600000|100%| O|  |TAMS 0x0000000704400000| PB 0x0000000704400000| Untracked 
|   7|0x0000000704600000, 0x0000000704800000, 0x0000000704800000|100%| O|  |TAMS 0x0000000704600000| PB 0x0000000704600000| Untracked 
|   8|0x0000000704800000, 0x0000000704a00000, 0x0000000704a00000|100%| O|  |TAMS 0x0000000704800000| PB 0x0000000704800000| Untracked 
|   9|0x0000000704a00000, 0x0000000704c00000, 0x0000000704c00000|100%| O|  |TAMS 0x0000000704a00000| PB 0x0000000704a00000| Untracked 
|  10|0x0000000704c00000, 0x0000000704e00000, 0x0000000704e00000|100%| O|  |TAMS 0x0000000704c00000| PB 0x0000000704c00000| Untracked 
|  11|0x0000000704e00000, 0x0000000705000000, 0x0000000705000000|100%| O|  |TAMS 0x0000000704e00000| PB 0x0000000704e00000| Untracked 
|  12|0x0000000705000000, 0x0000000705200000, 0x0000000705200000|100%| O|  |TAMS 0x0000000705000000| PB 0x0000000705000000| Untracked 
|  13|0x0000000705200000, 0x0000000705400000, 0x0000000705400000|100%|HS|  |TAMS 0x0000000705200000| PB 0x0000000705200000| Complete 
|  14|0x0000000705400000, 0x0000000705600000, 0x0000000705600000|100%| O|  |TAMS 0x0000000705400000| PB 0x0000000705400000| Untracked 
|  15|0x0000000705600000, 0x0000000705800000, 0x0000000705800000|100%| O|  |TAMS 0x0000000705600000| PB 0x0000000705600000| Untracked 
|  16|0x0000000705800000, 0x0000000705a00000, 0x0000000705a00000|100%| O|  |TAMS 0x0000000705800000| PB 0x0000000705800000| Untracked 
|  17|0x0000000705a00000, 0x0000000705c00000, 0x0000000705c00000|100%| O|  |TAMS 0x0000000705a00000| PB 0x0000000705a00000| Untracked 
|  18|0x0000000705c00000, 0x0000000705e00000, 0x0000000705e00000|100%| O|  |TAMS 0x0000000705c00000| PB 0x0000000705c00000| Untracked 
|  19|0x0000000705e00000, 0x0000000706000000, 0x0000000706000000|100%| O|  |TAMS 0x0000000705e00000| PB 0x0000000705e00000| Untracked 
|  20|0x0000000706000000, 0x0000000706200000, 0x0000000706200000|100%| O|  |TAMS 0x0000000706000000| PB 0x0000000706000000| Untracked 
|  21|0x0000000706200000, 0x0000000706400000, 0x0000000706400000|100%| O|  |TAMS 0x0000000706200000| PB 0x0000000706200000| Untracked 
|  22|0x0000000706400000, 0x0000000706600000, 0x0000000706600000|100%| O|Cm|TAMS 0x0000000706400000| PB 0x0000000706400000| Complete 
|  23|0x0000000706600000, 0x0000000706800000, 0x0000000706800000|100%| O|  |TAMS 0x0000000706600000| PB 0x0000000706600000| Untracked 
|  24|0x0000000706800000, 0x0000000706a00000, 0x0000000706a00000|100%| O|  |TAMS 0x0000000706800000| PB 0x0000000706800000| Untracked 
|  25|0x0000000706a00000, 0x0000000706c00000, 0x0000000706c00000|100%| O|  |TAMS 0x0000000706a00000| PB 0x0000000706a00000| Untracked 
|  26|0x0000000706c00000, 0x0000000706e00000, 0x0000000706e00000|100%| O|  |TAMS 0x0000000706c00000| PB 0x0000000706c00000| Untracked 
|  27|0x0000000706e00000, 0x0000000707000000, 0x0000000707000000|100%| O|  |TAMS 0x0000000706e00000| PB 0x0000000706e00000| Untracked 
|  28|0x0000000707000000, 0x0000000707200000, 0x0000000707200000|100%| O|  |TAMS 0x0000000707000000| PB 0x0000000707000000| Untracked 
|  29|0x0000000707200000, 0x0000000707400000, 0x0000000707400000|100%| O|  |TAMS 0x0000000707200000| PB 0x0000000707200000| Untracked 
|  30|0x0000000707400000, 0x0000000707600000, 0x0000000707600000|100%| O|  |TAMS 0x0000000707400000| PB 0x0000000707400000| Untracked 
|  31|0x0000000707600000, 0x0000000707800000, 0x0000000707800000|100%| O|  |TAMS 0x0000000707600000| PB 0x0000000707600000| Untracked 
|  32|0x0000000707800000, 0x0000000707a00000, 0x0000000707a00000|100%| O|  |TAMS 0x0000000707800000| PB 0x0000000707800000| Untracked 
|  33|0x0000000707a00000, 0x0000000707c00000, 0x0000000707c00000|100%|HS|  |TAMS 0x0000000707a00000| PB 0x0000000707a00000| Complete 
|  34|0x0000000707c00000, 0x0000000707c00000, 0x0000000707e00000|  0%| F|  |TAMS 0x0000000707c00000| PB 0x0000000707c00000| Untracked 
|  35|0x0000000707e00000, 0x0000000707e00000, 0x0000000708000000|  0%| F|  |TAMS 0x0000000707e00000| PB 0x0000000707e00000| Untracked 
|  36|0x0000000708000000, 0x0000000708000000, 0x0000000708200000|  0%| F|  |TAMS 0x0000000708000000| PB 0x0000000708000000| Untracked 
|  37|0x0000000708200000, 0x0000000708200000, 0x0000000708400000|  0%| F|  |TAMS 0x0000000708200000| PB 0x0000000708200000| Untracked 
|  38|0x0000000708400000, 0x0000000708400000, 0x0000000708600000|  0%| F|  |TAMS 0x0000000708400000| PB 0x0000000708400000| Untracked 
|  39|0x0000000708600000, 0x00000007087a4f48, 0x0000000708800000| 82%| S|CS|TAMS 0x0000000708600000| PB 0x0000000708600000| Complete 
|  40|0x0000000708800000, 0x0000000708a00000, 0x0000000708a00000|100%| S|CS|TAMS 0x0000000708800000| PB 0x0000000708800000| Complete 
|  41|0x0000000708a00000, 0x0000000708a00000, 0x0000000708c00000|  0%| F|  |TAMS 0x0000000708a00000| PB 0x0000000708a00000| Untracked 
|  42|0x0000000708c00000, 0x0000000708c00000, 0x0000000708e00000|  0%| F|  |TAMS 0x0000000708c00000| PB 0x0000000708c00000| Untracked 
|  43|0x0000000708e00000, 0x0000000708e00000, 0x0000000709000000|  0%| F|  |TAMS 0x0000000708e00000| PB 0x0000000708e00000| Untracked 
|  44|0x0000000709000000, 0x0000000709000000, 0x0000000709200000|  0%| F|  |TAMS 0x0000000709000000| PB 0x0000000709000000| Untracked 
|  45|0x0000000709200000, 0x0000000709200000, 0x0000000709400000|  0%| F|  |TAMS 0x0000000709200000| PB 0x0000000709200000| Untracked 
|  46|0x0000000709400000, 0x0000000709400000, 0x0000000709600000|  0%| F|  |TAMS 0x0000000709400000| PB 0x0000000709400000| Untracked 
|  47|0x0000000709600000, 0x0000000709600000, 0x0000000709800000|  0%| F|  |TAMS 0x0000000709600000| PB 0x0000000709600000| Untracked 
|  48|0x0000000709800000, 0x0000000709800000, 0x0000000709a00000|  0%| F|  |TAMS 0x0000000709800000| PB 0x0000000709800000| Untracked 
|  49|0x0000000709a00000, 0x0000000709a00000, 0x0000000709c00000|  0%| F|  |TAMS 0x0000000709a00000| PB 0x0000000709a00000| Untracked 
|  50|0x0000000709c00000, 0x0000000709c00000, 0x0000000709e00000|  0%| F|  |TAMS 0x0000000709c00000| PB 0x0000000709c00000| Untracked 
|  51|0x0000000709e00000, 0x0000000709e00000, 0x000000070a000000|  0%| F|  |TAMS 0x0000000709e00000| PB 0x0000000709e00000| Untracked 
|  52|0x000000070a000000, 0x000000070a000000, 0x000000070a200000|  0%| F|  |TAMS 0x000000070a000000| PB 0x000000070a000000| Untracked 
|  53|0x000000070a200000, 0x000000070a200000, 0x000000070a400000|  0%| F|  |TAMS 0x000000070a200000| PB 0x000000070a200000| Untracked 
|  54|0x000000070a400000, 0x000000070a400000, 0x000000070a600000|  0%| F|  |TAMS 0x000000070a400000| PB 0x000000070a400000| Untracked 
|  55|0x000000070a600000, 0x000000070a600000, 0x000000070a800000|  0%| F|  |TAMS 0x000000070a600000| PB 0x000000070a600000| Untracked 
|  56|0x000000070a800000, 0x000000070a800000, 0x000000070aa00000|  0%| F|  |TAMS 0x000000070a800000| PB 0x000000070a800000| Untracked 
|  57|0x000000070aa00000, 0x000000070aa00000, 0x000000070ac00000|  0%| F|  |TAMS 0x000000070aa00000| PB 0x000000070aa00000| Untracked 
|  58|0x000000070ac00000, 0x000000070ac00000, 0x000000070ae00000|  0%| F|  |TAMS 0x000000070ac00000| PB 0x000000070ac00000| Untracked 
|  59|0x000000070ae00000, 0x000000070ae00000, 0x000000070b000000|  0%| F|  |TAMS 0x000000070ae00000| PB 0x000000070ae00000| Untracked 
|  60|0x000000070b000000, 0x000000070b000000, 0x000000070b200000|  0%| F|  |TAMS 0x000000070b000000| PB 0x000000070b000000| Untracked 
|  61|0x000000070b200000, 0x000000070b200000, 0x000000070b400000|  0%| F|  |TAMS 0x000000070b200000| PB 0x000000070b200000| Untracked 
|  62|0x000000070b400000, 0x000000070b580e60, 0x000000070b600000| 75%| E|  |TAMS 0x000000070b400000| PB 0x000000070b400000| Complete 
|  63|0x000000070b600000, 0x000000070b800000, 0x000000070b800000|100%| E|CS|TAMS 0x000000070b600000| PB 0x000000070b600000| Complete 
|  64|0x000000070b800000, 0x000000070ba00000, 0x000000070ba00000|100%| E|CS|TAMS 0x000000070b800000| PB 0x000000070b800000| Complete 
|  65|0x000000070ba00000, 0x000000070bc00000, 0x000000070bc00000|100%| E|CS|TAMS 0x000000070ba00000| PB 0x000000070ba00000| Complete 
|  66|0x000000070bc00000, 0x000000070be00000, 0x000000070be00000|100%| E|CS|TAMS 0x000000070bc00000| PB 0x000000070bc00000| Complete 
|  67|0x000000070be00000, 0x000000070c000000, 0x000000070c000000|100%| E|CS|TAMS 0x000000070be00000| PB 0x000000070be00000| Complete 
|  68|0x000000070c000000, 0x000000070c200000, 0x000000070c200000|100%| E|CS|TAMS 0x000000070c000000| PB 0x000000070c000000| Complete 
|  69|0x000000070c200000, 0x000000070c400000, 0x000000070c400000|100%| E|CS|TAMS 0x000000070c200000| PB 0x000000070c200000| Complete 
|  70|0x000000070c400000, 0x000000070c600000, 0x000000070c600000|100%| E|CS|TAMS 0x000000070c400000| PB 0x000000070c400000| Complete 
| 126|0x0000000713400000, 0x0000000713600000, 0x0000000713600000|100%| E|CS|TAMS 0x0000000713400000| PB 0x0000000713400000| Complete 
|2019|0x00000007ffe00000, 0x0000000800000000, 0x0000000800000000|100%| O|  |TAMS 0x00000007ffe00000| PB 0x00000007ffe00000| Untracked 

Card table byte_map: [0x0000017699250000,0x0000017699a40000] _byte_map_base: 0x0000017695a34000

Marking Bits: (CMBitMap*) 0x0000017686651880
 Bits: [0x0000017699a40000, 0x000001769d960000)

Polling page: 0x0000017685db0000

Metaspace:

Usage:
  Non-class:     60.62 MB used.
      Class:      7.77 MB used.
       Both:     68.39 MB used.

Virtual space:
  Non-class space:       64.00 MB reserved,      61.06 MB ( 95%) committed,  1 nodes.
      Class space:        1.00 GB reserved,       8.19 MB ( <1%) committed,  1 nodes.
             Both:        1.06 GB reserved,      69.25 MB (  6%) committed. 

Chunk freelists:
   Non-Class:  2.16 MB
       Class:  7.70 MB
        Both:  9.86 MB

MaxMetaspaceSize: unlimited
CompressedClassSpaceSize: 1.00 GB
Initial GC threshold: 21.00 MB
Current GC threshold: 114.69 MB
CDS: off
 - commit_granule_bytes: 65536.
 - commit_granule_words: 8192.
 - virtual_space_node_default_size: 8388608.
 - enlarge_chunks_in_place: 1.
 - use_allocation_guard: 0.


Internal statistics:

num_allocs_failed_limit: 15.
num_arena_births: 1422.
num_arena_deaths: 0.
num_vsnodes_births: 2.
num_vsnodes_deaths: 0.
num_space_committed: 1106.
num_space_uncommitted: 0.
num_chunks_returned_to_freelist: 15.
num_chunks_taken_from_freelist: 3915.
num_chunk_merges: 15.
num_chunk_splits: 2834.
num_chunks_enlarged: 2074.
num_inconsistent_stats: 0.

CodeHeap 'non-profiled nmethods': size=120000Kb used=5674Kb max_used=6500Kb free=114325Kb
 bounds [0x0000017691200000, 0x0000017691860000, 0x0000017698730000]
CodeHeap 'profiled nmethods': size=120000Kb used=23218Kb max_used=25608Kb free=96781Kb
 bounds [0x0000017689730000, 0x000001768b040000, 0x0000017690c60000]
CodeHeap 'non-nmethods': size=5760Kb used=1628Kb max_used=1747Kb free=4131Kb
 bounds [0x0000017690c60000, 0x0000017690ed0000, 0x0000017691200000]
 total_blobs=9537 nmethods=8858 adapters=581
 compilation: enabled
              stopped_count=0, restarted_count=0
 full_count=0

Compilation events (20 events):
Event: 9.669 Thread 0x00000176a05baf60 nmethod 10243 0x0000017689848d90 code [0x0000017689849040, 0x0000017689849e18]
Event: 9.669 Thread 0x00000176a05baf60 10244       3       androidx.room.jarjarred.org.antlr.v4.runtime.misc.FlexibleHashMap::expand (151 bytes)
Event: 9.670 Thread 0x00000176a05baf60 nmethod 10244 0x0000017689a37510 code [0x0000017689a377a0, 0x0000017689a385f0]
Event: 9.672 Thread 0x00000176a05baf60 10245       1       androidx.room.log.RLog::getDefaultElement (5 bytes)
Event: 9.672 Thread 0x00000176a05baf60 nmethod 10245 0x0000017691259190 code [0x0000017691259320, 0x00000176912593f0]
Event: 9.673 Thread 0x00000176a05baf60 10246       3       kotlin.text.StringsKt__StringsKt::findAnyOf$StringsKt__StringsKt (442 bytes)
Event: 9.676 Thread 0x00000176a05baf60 nmethod 10246 0x0000017689e7b090 code [0x0000017689e7b640, 0x0000017689e7ec38]
Event: 9.676 Thread 0x00000176a05baf60 10248       3       androidx.room.jarjarred.org.antlr.v4.runtime.atn.PredictionContext::mergeRoot (156 bytes)
Event: 9.676 Thread 0x00000176a05baf60 nmethod 10248 0x0000017689d68a90 code [0x0000017689d68ce0, 0x0000017689d69a88]
Event: 9.676 Thread 0x00000176a05baf60 10247       3       com.google.devtools.ksp.processing.impl.ResolverImpl::computeAsMemberOf (389 bytes)
Event: 9.678 Thread 0x00000176a05baf60 nmethod 10247 0x000001768a404690 code [0x000001768a404da0, 0x000001768a408b00]
Event: 9.678 Thread 0x00000176a05baf60 10250       3       androidx.room.compiler.processing.ksp.KSTypeVarianceResolver::applyJvmWildcardAnnotations (245 bytes)
Event: 9.681 Thread 0x00000176a05baf60 nmethod 10250 0x0000017689ef1b10 code [0x0000017689ef2240, 0x0000017689ef6268]
Event: 9.681 Thread 0x00000176a05baf60 10253       3       com.google.devtools.ksp.symbol.impl.kotlin.KSTypeImpl$declaration$2::invoke (5 bytes)
Event: 9.682 Thread 0x00000176a05baf60 nmethod 10253 0x0000017689983b90 code [0x0000017689983d40, 0x0000017689983e78]
Event: 9.682 Thread 0x00000176a05baf60 10254       3       com.google.devtools.ksp.symbol.impl.kotlin.KSTypeImpl$declaration$2::invoke (42 bytes)
Event: 9.683 Thread 0x00000176a05baf60 nmethod 10254 0x0000017689cc5d90 code [0x0000017689cc6120, 0x0000017689cc7708]
Event: 9.683 Thread 0x00000176a05baf60 10256       3       com.google.devtools.ksp.symbol.impl.kotlin.KSTypeImpl::starProjection (18 bytes)
Event: 9.683 Thread 0x00000176a05baf60 nmethod 10256 0x0000017689958f90 code [0x0000017689959160, 0x0000017689959388]
Event: 9.683 Thread 0x00000176a05baf60 10255       3       com.google.devtools.ksp.processing.impl.ResolverImpl::findDeclaration (389 bytes)

GC Heap History (20 events):
Event: 1.900 GC heap before
{Heap before GC invocations=7 (full 0):
 garbage-first heap   total 40960K, used 25786K [0x0000000703800000, 0x0000000800000000)
  region size 2048K, 5 young (10240K), 1 survivors (2048K)
 Metaspace       used 29858K, committed 30080K, reserved 1114112K
  class space    used 3617K, committed 3712K, reserved 1048576K
}
Event: 1.904 GC heap after
{Heap after GC invocations=8 (full 0):
 garbage-first heap   total 151552K, used 20837K [0x0000000703800000, 0x0000000800000000)
  region size 2048K, 1 young (2048K), 1 survivors (2048K)
 Metaspace       used 29858K, committed 30080K, reserved 1114112K
  class space    used 3617K, committed 3712K, reserved 1048576K
}
Event: 2.359 GC heap before
{Heap before GC invocations=8 (full 0):
 garbage-first heap   total 151552K, used 57701K [0x0000000703800000, 0x0000000800000000)
  region size 2048K, 19 young (38912K), 1 survivors (2048K)
 Metaspace       used 35741K, committed 35968K, reserved 1114112K
  class space    used 4139K, committed 4288K, reserved 1048576K
}
Event: 2.365 GC heap after
{Heap after GC invocations=9 (full 0):
 garbage-first heap   total 151552K, used 25625K [0x0000000703800000, 0x0000000800000000)
  region size 2048K, 4 young (8192K), 4 survivors (8192K)
 Metaspace       used 35741K, committed 35968K, reserved 1114112K
  class space    used 4139K, committed 4288K, reserved 1048576K
}
Event: 3.410 GC heap before
{Heap before GC invocations=10 (full 0):
 garbage-first heap   total 96256K, used 74777K [0x0000000703800000, 0x0000000800000000)
  region size 2048K, 28 young (57344K), 4 survivors (8192K)
 Metaspace       used 42836K, committed 43648K, reserved 1114112K
  class space    used 5036K, committed 5440K, reserved 1048576K
}
Event: 3.439 GC heap after
{Heap after GC invocations=11 (full 0):
 garbage-first heap   total 96256K, used 33279K [0x0000000703800000, 0x0000000800000000)
  region size 2048K, 4 young (8192K), 4 survivors (8192K)
 Metaspace       used 42836K, committed 43648K, reserved 1114112K
  class space    used 5036K, committed 5440K, reserved 1048576K
}
Event: 4.141 GC heap before
{Heap before GC invocations=11 (full 0):
 garbage-first heap   total 96256K, used 72191K [0x0000000703800000, 0x0000000800000000)
  region size 2048K, 23 young (47104K), 4 survivors (8192K)
 Metaspace       used 47288K, committed 48064K, reserved 1114112K
  class space    used 5561K, committed 5952K, reserved 1048576K
}
Event: 4.164 GC heap after
{Heap after GC invocations=12 (full 0):
 garbage-first heap   total 96256K, used 43963K [0x0000000703800000, 0x0000000800000000)
  region size 2048K, 3 young (6144K), 3 survivors (6144K)
 Metaspace       used 47288K, committed 48064K, reserved 1114112K
  class space    used 5561K, committed 5952K, reserved 1048576K
}
Event: 4.852 GC heap before
{Heap before GC invocations=12 (full 0):
 garbage-first heap   total 96256K, used 74683K [0x0000000703800000, 0x0000000800000000)
  region size 2048K, 18 young (36864K), 3 survivors (6144K)
 Metaspace       used 53219K, committed 54016K, reserved 1114112K
  class space    used 6262K, committed 6656K, reserved 1048576K
}
Event: 4.876 GC heap after
{Heap after GC invocations=13 (full 0):
 garbage-first heap   total 122880K, used 49297K [0x0000000703800000, 0x0000000800000000)
  region size 2048K, 3 young (6144K), 3 survivors (6144K)
 Metaspace       used 53219K, committed 54016K, reserved 1114112K
  class space    used 6262K, committed 6656K, reserved 1048576K
}
Event: 5.864 GC heap before
{Heap before GC invocations=13 (full 0):
 garbage-first heap   total 122880K, used 98449K [0x0000000703800000, 0x0000000800000000)
  region size 2048K, 27 young (55296K), 3 survivors (6144K)
 Metaspace       used 55225K, committed 56000K, reserved 1114112K
  class space    used 6400K, committed 6784K, reserved 1048576K
}
Event: 5.903 GC heap after
{Heap after GC invocations=14 (full 0):
 garbage-first heap   total 122880K, used 57991K [0x0000000703800000, 0x0000000800000000)
  region size 2048K, 4 young (8192K), 4 survivors (8192K)
 Metaspace       used 55225K, committed 56000K, reserved 1114112K
  class space    used 6400K, committed 6784K, reserved 1048576K
}
Event: 6.363 GC heap before
{Heap before GC invocations=14 (full 0):
 garbage-first heap   total 122880K, used 84615K [0x0000000703800000, 0x0000000800000000)
  region size 2048K, 18 young (36864K), 4 survivors (8192K)
 Metaspace       used 59445K, committed 60160K, reserved 1114112K
  class space    used 6934K, committed 7296K, reserved 1048576K
}
Event: 6.384 GC heap after
{Heap after GC invocations=15 (full 0):
 garbage-first heap   total 122880K, used 61967K [0x0000000703800000, 0x0000000800000000)
  region size 2048K, 2 young (4096K), 2 survivors (4096K)
 Metaspace       used 59445K, committed 60160K, reserved 1114112K
  class space    used 6934K, committed 7296K, reserved 1048576K
}
Event: 7.214 GC heap before
{Heap before GC invocations=16 (full 0):
 garbage-first heap   total 122880K, used 102927K [0x0000000703800000, 0x0000000800000000)
  region size 2048K, 22 young (45056K), 2 survivors (4096K)
 Metaspace       used 62472K, committed 63232K, reserved 1114112K
  class space    used 7267K, committed 7616K, reserved 1048576K
}
Event: 7.228 GC heap after
{Heap after GC invocations=17 (full 0):
 garbage-first heap   total 122880K, used 64547K [0x0000000703800000, 0x0000000800000000)
  region size 2048K, 3 young (6144K), 3 survivors (6144K)
 Metaspace       used 62472K, committed 63232K, reserved 1114112K
  class space    used 7267K, committed 7616K, reserved 1048576K
}
Event: 8.505 GC heap before
{Heap before GC invocations=17 (full 0):
 garbage-first heap   total 122880K, used 105507K [0x0000000703800000, 0x0000000800000000)
  region size 2048K, 23 young (47104K), 3 survivors (6144K)
 Metaspace       used 68829K, committed 69696K, reserved 1114112K
  class space    used 7958K, committed 8384K, reserved 1048576K
}
Event: 8.528 GC heap after
{Heap after GC invocations=18 (full 0):
 garbage-first heap   total 122880K, used 69029K [0x0000000703800000, 0x0000000800000000)
  region size 2048K, 3 young (6144K), 3 survivors (6144K)
 Metaspace       used 68829K, committed 69696K, reserved 1114112K
  class space    used 7958K, committed 8384K, reserved 1048576K
}
Event: 9.307 GC heap before
{Heap before GC invocations=18 (full 0):
 garbage-first heap   total 122880K, used 105893K [0x0000000703800000, 0x0000000800000000)
  region size 2048K, 21 young (43008K), 3 survivors (6144K)
 Metaspace       used 69531K, committed 70400K, reserved 1114112K
  class space    used 7961K, committed 8384K, reserved 1048576K
}
Event: 9.325 GC heap after
{Heap after GC invocations=19 (full 0):
 garbage-first heap   total 149504K, used 73363K [0x0000000703800000, 0x0000000800000000)
  region size 2048K, 2 young (4096K), 2 survivors (4096K)
 Metaspace       used 69531K, committed 70400K, reserved 1114112K
  class space    used 7961K, committed 8384K, reserved 1048576K
}

Dll operation events (3 events):
Event: 0.013 Loaded shared library D:\App\Android Studio\jbr\bin\java.dll
Event: 0.021 Loaded shared library D:\App\Android Studio\jbr\bin\zip.dll
Event: 1.084 Loaded shared library D:\App\Android Studio\jbr\bin\verify.dll

Deoptimization events (20 events):
Event: 9.191 Thread 0x00000176865ef710 Uncommon trap: trap_request=0xffffff45 fr.pc=0x0000017691636ea0 relative=0x0000000000000fa0
Event: 9.191 Thread 0x00000176865ef710 Uncommon trap: reason=unstable_if action=reinterpret pc=0x0000017691636ea0 method=java.util.concurrent.ConcurrentHashMap.putVal(Ljava/lang/Object;Ljava/lang/Object;Z)Ljava/lang/Object; @ 401 c2
Event: 9.191 Thread 0x00000176865ef710 DEOPT PACKING pc=0x0000017691636ea0 sp=0x0000003a882fd460
Event: 9.191 Thread 0x00000176865ef710 DEOPT UNPACKING pc=0x0000017690cb46a2 sp=0x0000003a882fd400 mode 2
Event: 9.197 Thread 0x00000176865ef710 Uncommon trap: trap_request=0xffffff45 fr.pc=0x000001769126ae98 relative=0x0000000000001478
Event: 9.197 Thread 0x00000176865ef710 Uncommon trap: reason=unstable_if action=reinterpret pc=0x000001769126ae98 method=java.util.concurrent.ConcurrentHashMap.transfer([Ljava/util/concurrent/ConcurrentHashMap$Node;[Ljava/util/concurrent/ConcurrentHashMap$Node;)V @ 352 c2
Event: 9.197 Thread 0x00000176865ef710 DEOPT PACKING pc=0x000001769126ae98 sp=0x0000003a882fd2c0
Event: 9.197 Thread 0x00000176865ef710 DEOPT UNPACKING pc=0x0000017690cb46a2 sp=0x0000003a882fd258 mode 2
Event: 9.353 Thread 0x00000176865ef710 DEOPT PACKING pc=0x000001768ace9a2b sp=0x0000003a882faf80
Event: 9.353 Thread 0x00000176865ef710 DEOPT UNPACKING pc=0x0000017690cb4e42 sp=0x0000003a882fa420 mode 0
Event: 9.365 Thread 0x00000176865ef710 Uncommon trap: trap_request=0xffffffc6 fr.pc=0x000001769176bfa0 relative=0x0000000000000480
Event: 9.365 Thread 0x00000176865ef710 Uncommon trap: reason=bimorphic_or_optimized_type_check action=maybe_recompile pc=0x000001769176bfa0 method=androidx.room.jarjarred.org.antlr.v4.runtime.atn.ParserATNSimulator.canDropLoopEntryEdgeInLeftRecursiveRule(Landroidx/room/jarjarred/org/antlr/v4/r
Event: 9.365 Thread 0x00000176865ef710 DEOPT PACKING pc=0x000001769176bfa0 sp=0x0000003a882fce20
Event: 9.365 Thread 0x00000176865ef710 DEOPT UNPACKING pc=0x0000017690cb46a2 sp=0x0000003a882fcd98 mode 2
Event: 9.366 Thread 0x00000176865ef710 Uncommon trap: trap_request=0xffffffde fr.pc=0x000001769176c0a0 relative=0x0000000000000580
Event: 9.366 Thread 0x00000176865ef710 Uncommon trap: reason=class_check action=maybe_recompile pc=0x000001769176c0a0 method=androidx.room.jarjarred.org.antlr.v4.runtime.atn.ParserATNSimulator.canDropLoopEntryEdgeInLeftRecursiveRule(Landroidx/room/jarjarred/org/antlr/v4/runtime/atn/ATNConfig;)
Event: 9.366 Thread 0x00000176865ef710 DEOPT PACKING pc=0x000001769176c0a0 sp=0x0000003a882fca10
Event: 9.366 Thread 0x00000176865ef710 DEOPT UNPACKING pc=0x0000017690cb46a2 sp=0x0000003a882fc988 mode 2
Event: 9.669 Thread 0x00000176865ef710 DEOPT PACKING pc=0x000001768acea6dd sp=0x0000003a882fce90
Event: 9.669 Thread 0x00000176865ef710 DEOPT UNPACKING pc=0x0000017690cb4e42 sp=0x0000003a882fc3b0 mode 0

Classes loaded (20 events):
Event: 7.692 Loading class sun/util/resources/cldr/CalendarData
Event: 7.692 Loading class sun/util/resources/cldr/CalendarData done
Event: 7.693 Loading class sun/util/locale/provider/LocaleResources$ResourceReference
Event: 7.693 Loading class sun/util/locale/provider/LocaleResources$ResourceReference done
Event: 7.693 Loading class sun/util/calendar/Gregorian$Date
Event: 7.693 Loading class sun/util/calendar/BaseCalendar$Date
Event: 7.693 Loading class sun/util/calendar/CalendarDate
Event: 7.693 Loading class sun/util/calendar/CalendarDate done
Event: 7.693 Loading class sun/util/calendar/BaseCalendar$Date done
Event: 7.693 Loading class sun/util/calendar/Gregorian$Date done
Event: 7.693 Loading class sun/util/calendar/CalendarUtils
Event: 7.693 Loading class sun/util/calendar/CalendarUtils done
Event: 7.705 Loading class java/lang/invoke/BoundMethodHandle$Species_LLLJ
Event: 7.705 Loading class java/lang/invoke/BoundMethodHandle$Species_LLLJ done
Event: 7.874 Loading class java/io/InvalidClassException
Event: 7.874 Loading class java/io/InvalidClassException done
Event: 9.191 Loading class java/util/concurrent/ConcurrentHashMap$TreeNode
Event: 9.191 Loading class java/util/concurrent/ConcurrentHashMap$TreeNode done
Event: 9.191 Loading class java/util/concurrent/ConcurrentHashMap$TreeBin
Event: 9.191 Loading class java/util/concurrent/ConcurrentHashMap$TreeBin done

Classes unloaded (0 events):
No events

Classes redefined (0 events):
No events

Internal exceptions (20 events):
Event: 4.091 Thread 0x00000176865ef710 Exception <a 'java/lang/NoSuchMethodError'{0x00000007071c1410}: 'java.lang.Object java.lang.invoke.Invokers$Holder.linkToTargetMethod(java.lang.Object, java.lang.Object, int, java.lang.Object)'> (0x00000007071c1410) 
thrown [s\src\hotspot\share\interpreter\linkResolver.cpp, line 784]
Event: 4.374 Thread 0x00000176865ef710 Exception <a 'java/lang/NoSuchMethodError'{0x00000007088fd620}: 'java.lang.Object java.lang.invoke.DirectMethodHandle$Holder.invokeSpecial(java.lang.Object, java.lang.Object, java.lang.Object, java.lang.Object, java.lang.Object, java.lang.Object, int)'> (0x00000007088fd620) 
thrown [s\src\hotspot\share\interpreter\linkResolver.cpp, line 784]
Event: 4.625 Thread 0x00000176865ef710 Exception <a 'java/lang/NoSuchMethodError'{0x0000000707d66740}: 'int java.lang.invoke.DirectMethodHandle$Holder.invokeInterface(java.lang.Object, java.lang.Object)'> (0x0000000707d66740) 
thrown [s\src\hotspot\share\interpreter\linkResolver.cpp, line 784]
Event: 4.663 Thread 0x00000176865ef710 Exception <a 'java/lang/NoSuchMethodError'{0x0000000707aecf50}: 'java.lang.Object java.lang.invoke.DirectMethodHandle$Holder.newInvokeSpecial(java.lang.Object, int, java.lang.Object)'> (0x0000000707aecf50) 
thrown [s\src\hotspot\share\interpreter\linkResolver.cpp, line 784]
Event: 4.666 Thread 0x00000176865ef710 Implicit null exception at 0x00000176914d0cc0 to 0x00000176914d0f80
Event: 4.666 Thread 0x00000176865ef710 Implicit null exception at 0x000001769124d1c2 to 0x000001769124d45c
Event: 4.672 Thread 0x00000176865ef710 Implicit null exception at 0x00000176912559c0 to 0x0000017691255a45
Event: 4.694 Thread 0x00000176865ef710 Exception <a 'java/lang/NoSuchMethodError'{0x0000000707ba96d8}: 'java.lang.Object java.lang.invoke.DirectMethodHandle$Holder.invokeStatic(java.lang.Object, int, java.lang.Object)'> (0x0000000707ba96d8) 
thrown [s\src\hotspot\share\interpreter\linkResolver.cpp, line 784]
Event: 5.790 Thread 0x00000176865ef710 Exception <a 'java/lang/NoSuchMethodError'{0x0000000708119dd0}: 'int java.lang.invoke.DirectMethodHandle$Holder.invokeStaticInit(java.lang.Object, int)'> (0x0000000708119dd0) 
thrown [s\src\hotspot\share\interpreter\linkResolver.cpp, line 784]
Event: 5.809 Thread 0x00000176865ef710 Implicit null exception at 0x00000176915d058c to 0x00000176915d0ad8
Event: 6.002 Thread 0x00000176865ef710 Exception <a 'java/lang/NoSuchMethodError'{0x000000070a2512d0}: 'java.lang.Object java.lang.invoke.DirectMethodHandle$Holder.newInvokeSpecial(java.lang.Object, int, java.lang.Object, java.lang.Object)'> (0x000000070a2512d0) 
thrown [s\src\hotspot\share\interpreter\linkResolver.cpp, line 784]
Event: 7.154 Thread 0x00000176865ef710 Implicit null exception at 0x00000176916d6304 to 0x00000176916d63a5
Event: 7.356 Thread 0x00000176865ef710 Exception <a 'java/lang/NoSuchMethodError'{0x000000070a8061f8}: 'java.lang.Object java.lang.invoke.DirectMethodHandle$Holder.invokeStaticInit(java.lang.Object, int, int, int, int)'> (0x000000070a8061f8) 
thrown [s\src\hotspot\share\interpreter\linkResolver.cpp, line 784]
Event: 7.395 Thread 0x00000176865ef710 Exception <a 'java/lang/NoSuchMethodError'{0x000000070a8d3bd0}: 'java.lang.Object java.lang.invoke.DirectMethodHandle$Holder.invokeStaticInit(java.lang.Object, java.lang.Object, int, int, int, int)'> (0x000000070a8d3bd0) 
thrown [s\src\hotspot\share\interpreter\linkResolver.cpp, line 784]
Event: 7.402 Thread 0x00000176865ef710 Exception <a 'sun/nio/fs/WindowsException'{0x000000070a8e2fa8}> (0x000000070a8e2fa8) 
thrown [s\src\hotspot\share\prims\jni.cpp, line 535]
Event: 7.403 Thread 0x00000176865ef710 Exception <a 'sun/nio/fs/WindowsException'{0x000000070a8e3d48}> (0x000000070a8e3d48) 
thrown [s\src\hotspot\share\prims\jni.cpp, line 535]
Event: 8.048 Thread 0x00000176865ef710 Exception <a 'java/lang/NoSuchMethodError'{0x00000007094697f8}: 'java.lang.Object java.lang.invoke.DirectMethodHandle$Holder.newInvokeSpecial(java.lang.Object, java.lang.Object, java.lang.Object, java.lang.Object, int)'> (0x00000007094697f8) 
thrown [s\src\hotspot\share\interpreter\linkResolver.cpp, line 784]
Event: 8.049 Thread 0x00000176865ef710 Exception <a 'java/lang/NoSuchMethodError'{0x000000070946dfe8}: 'java.lang.Object java.lang.invoke.DirectMethodHandle$Holder.invokeSpecial(java.lang.Object, java.lang.Object, java.lang.Object, java.lang.Object, java.lang.Object, int)'> (0x000000070946dfe8) 
thrown [s\src\hotspot\share\interpreter\linkResolver.cpp, line 784]
Event: 8.049 Thread 0x00000176865ef710 Exception <a 'java/lang/NoSuchMethodError'{0x0000000709472278}: 'java.lang.Object java.lang.invoke.Invokers$Holder.linkToTargetMethod(java.lang.Object, java.lang.Object, java.lang.Object, int, java.lang.Object)'> (0x0000000709472278) 
thrown [s\src\hotspot\share\interpreter\linkResolver.cpp, line 784]
Event: 8.528 Thread 0x00000176a074fcb0 Implicit null exception at 0x000001769147af65 to 0x000001769147b928

ZGC Phase Switch (0 events):
No events

VM Operations (20 events):
Event: 8.094 Executing VM operation: HandshakeAllThreads (Deoptimize)
Event: 8.094 Executing VM operation: HandshakeAllThreads (Deoptimize) done
Event: 8.173 Executing VM operation: ICBufferFull
Event: 8.173 Executing VM operation: ICBufferFull done
Event: 8.314 Executing VM operation: ICBufferFull
Event: 8.314 Executing VM operation: ICBufferFull done
Event: 8.456 Executing VM operation: ICBufferFull
Event: 8.456 Executing VM operation: ICBufferFull done
Event: 8.505 Executing VM operation: G1CollectForAllocation (G1 Evacuation Pause)
Event: 8.528 Executing VM operation: G1CollectForAllocation (G1 Evacuation Pause) done
Event: 8.802 Executing VM operation: ICBufferFull
Event: 8.803 Executing VM operation: ICBufferFull done
Event: 9.135 Executing VM operation: ICBufferFull
Event: 9.135 Executing VM operation: ICBufferFull done
Event: 9.307 Executing VM operation: G1CollectForAllocation (G1 Evacuation Pause)
Event: 9.325 Executing VM operation: G1CollectForAllocation (G1 Evacuation Pause) done
Event: 9.411 Executing VM operation: G1PauseRemark
Event: 9.422 Executing VM operation: G1PauseRemark done
Event: 9.458 Executing VM operation: G1PauseCleanup
Event: 9.458 Executing VM operation: G1PauseCleanup done

Memory protections (0 events):
No events

Nmethod flushes (20 events):
Event: 9.421 Thread 0x00000176a03d6310 flushing  nmethod 0x000001768a2e1f10
Event: 9.421 Thread 0x00000176a03d6310 flushing  nmethod 0x000001768a2e5d10
Event: 9.421 Thread 0x00000176a03d6310 flushing  nmethod 0x000001768a2e6210
Event: 9.421 Thread 0x00000176a03d6310 flushing  nmethod 0x000001768a337310
Event: 9.421 Thread 0x00000176a03d6310 flushing  nmethod 0x000001768a367210
Event: 9.421 Thread 0x00000176a03d6310 flushing  nmethod 0x000001768a367990
Event: 9.421 Thread 0x00000176a03d6310 flushing  nmethod 0x000001768a367c90
Event: 9.421 Thread 0x00000176a03d6310 flushing  nmethod 0x000001768a368a10
Event: 9.421 Thread 0x00000176a03d6310 flushing  nmethod 0x000001768a36cd90
Event: 9.421 Thread 0x00000176a03d6310 flushing  nmethod 0x000001768a36fd10
Event: 9.421 Thread 0x00000176a03d6310 flushing  nmethod 0x000001768a3a9290
Event: 9.421 Thread 0x00000176a03d6310 flushing  nmethod 0x000001768a3b3f10
Event: 9.421 Thread 0x00000176a03d6310 flushing  nmethod 0x000001768a3c0e90
Event: 9.421 Thread 0x00000176a03d6310 flushing  nmethod 0x000001768a3e7e90
Event: 9.421 Thread 0x00000176a03d6310 flushing  nmethod 0x000001768a3f6390
Event: 9.421 Thread 0x00000176a03d6310 flushing  nmethod 0x000001768a4f1810
Event: 9.421 Thread 0x00000176a03d6310 flushing  nmethod 0x000001768a545a10
Event: 9.421 Thread 0x00000176a03d6310 flushing  nmethod 0x000001768a546f10
Event: 9.421 Thread 0x00000176a03d6310 flushing  nmethod 0x000001768a547f10
Event: 9.421 Thread 0x00000176a03d6310 flushing  nmethod 0x000001768a60d690

Events (20 events):
Event: 0.115 Thread 0x00000176865ef710 Thread added: 0x00000176a05b1ad0
Event: 0.115 Thread 0x00000176865ef710 Thread added: 0x00000176a05b2140
Event: 0.115 Thread 0x00000176865ef710 Thread added: 0x00000176a05b27b0
Event: 0.115 Thread 0x00000176865ef710 Thread added: 0x00000176a058ad20
Event: 0.116 Thread 0x00000176865ef710 Thread added: 0x00000176a05baf60
Event: 0.165 Thread 0x00000176865ef710 Thread added: 0x00000176a074f230
Event: 0.175 Thread 0x00000176865ef710 Thread added: 0x00000176a074fcb0
Event: 0.188 Loaded shared library D:\App\Android Studio\jbr\bin\net.dll
Event: 0.190 Loaded shared library D:\App\Android Studio\jbr\bin\nio.dll
Event: 0.210 Thread 0x00000176a058ad20 Thread added: 0x00000176a0767670
Event: 0.213 Thread 0x00000176a0767670 Thread added: 0x00000176a07801d0
Event: 0.231 Loaded shared library D:\App\Android Studio\jbr\bin\zip.dll
Event: 0.274 Loaded shared library D:\App\Android Studio\jbr\bin\jimage.dll
Event: 1.718 Thread 0x00000176a07801d0 Thread exited: 0x00000176a07801d0
Event: 1.919 Thread 0x00000176a0767670 Thread added: 0x00000176a6cadf10
Event: 2.355 Thread 0x00000176a6cadf10 Thread exited: 0x00000176a6cadf10
Event: 2.526 Thread 0x00000176a05baf60 Thread added: 0x00000176a6770f90
Event: 7.545 Thread 0x00000176a6770f90 Thread exited: 0x00000176a6770f90
Event: 7.616 Loaded shared library C:\Users\Admin\AppData\Local\Temp\sqlite-3.41.2.2-4d0af121-41d0-4e97-978a-d741e2eeaef6-sqlitejdbc.dll
Event: 8.003 Thread 0x00000176a05baf60 Thread added: 0x00000176a6770f90


Dynamic libraries:
0x00007ff7628b0000 - 0x00007ff7628ba000 	D:\App\Android Studio\jbr\bin\java.exe
0x00007ffa75310000 - 0x00007ffa75527000 	C:\WINDOWS\SYSTEM32\ntdll.dll
0x00007ffa73440000 - 0x00007ffa73504000 	C:\WINDOWS\System32\KERNEL32.DLL
0x00007ffa72740000 - 0x00007ffa72af7000 	C:\WINDOWS\System32\KERNELBASE.dll
0x00007ffa72d10000 - 0x00007ffa72e21000 	C:\WINDOWS\System32\ucrtbase.dll
0x00007ffa67010000 - 0x00007ffa6702b000 	D:\App\Android Studio\jbr\bin\VCRUNTIME140.dll
0x00007ffa66ad0000 - 0x00007ffa66ae8000 	D:\App\Android Studio\jbr\bin\jli.dll
0x00007ffa74760000 - 0x00007ffa7490f000 	C:\WINDOWS\System32\USER32.dll
0x00007ffa72b00000 - 0x00007ffa72b26000 	C:\WINDOWS\System32\win32u.dll
0x00007ffa5a7d0000 - 0x00007ffa5aa63000 	C:\WINDOWS\WinSxS\amd64_microsoft.windows.common-controls_6595b64144ccf1df_6.0.22621.3672_none_2713b9d173822955\COMCTL32.dll
0x00007ffa73990000 - 0x00007ffa739b9000 	C:\WINDOWS\System32\GDI32.dll
0x00007ffa72620000 - 0x00007ffa72738000 	C:\WINDOWS\System32\gdi32full.dll
0x00007ffa72b30000 - 0x00007ffa72bca000 	C:\WINDOWS\System32\msvcp_win.dll
0x00007ffa74fc0000 - 0x00007ffa75067000 	C:\WINDOWS\System32\msvcrt.dll
0x00007ffa750e0000 - 0x00007ffa75111000 	C:\WINDOWS\System32\IMM32.DLL
0x00007ffa67060000 - 0x00007ffa6706c000 	D:\App\Android Studio\jbr\bin\vcruntime140_1.dll
0x00007ffa65ca0000 - 0x00007ffa65d2d000 	D:\App\Android Studio\jbr\bin\msvcp140.dll
0x00007ffa53330000 - 0x00007ffa53fb3000 	D:\App\Android Studio\jbr\bin\server\jvm.dll
0x00007ffa74910000 - 0x00007ffa749c2000 	C:\WINDOWS\System32\ADVAPI32.dll
0x00007ffa749d0000 - 0x00007ffa74a78000 	C:\WINDOWS\System32\sechost.dll
0x00007ffa72ea0000 - 0x00007ffa72ec8000 	C:\WINDOWS\System32\bcrypt.dll
0x00007ffa73320000 - 0x00007ffa73434000 	C:\WINDOWS\System32\RPCRT4.dll
0x00007ffa730e0000 - 0x00007ffa73151000 	C:\WINDOWS\System32\WS2_32.dll
0x00007ffa72440000 - 0x00007ffa7248d000 	C:\WINDOWS\SYSTEM32\POWRPROF.dll
0x00007ffa6c530000 - 0x00007ffa6c564000 	C:\WINDOWS\SYSTEM32\WINMM.dll
0x00007ffa6c8e0000 - 0x00007ffa6c8ea000 	C:\WINDOWS\SYSTEM32\VERSION.dll
0x00007ffa72320000 - 0x00007ffa72333000 	C:\WINDOWS\SYSTEM32\UMPDC.dll
0x00007ffa71630000 - 0x00007ffa71648000 	C:\WINDOWS\SYSTEM32\kernel.appcore.dll
0x00007ffa67050000 - 0x00007ffa6705a000 	D:\App\Android Studio\jbr\bin\jimage.dll
0x00007ffa6f830000 - 0x00007ffa6fa62000 	C:\WINDOWS\SYSTEM32\DBGHELP.DLL
0x00007ffa74aa0000 - 0x00007ffa74e2e000 	C:\WINDOWS\System32\combase.dll
0x00007ffa74ee0000 - 0x00007ffa74fb7000 	C:\WINDOWS\System32\OLEAUT32.dll
0x00007ffa4ff10000 - 0x00007ffa4ff42000 	C:\WINDOWS\SYSTEM32\dbgcore.DLL
0x00007ffa72c90000 - 0x00007ffa72d0b000 	C:\WINDOWS\System32\bcryptPrimitives.dll
0x00007ffa57470000 - 0x00007ffa57490000 	D:\App\Android Studio\jbr\bin\java.dll
0x00007ffa57450000 - 0x00007ffa57468000 	D:\App\Android Studio\jbr\bin\zip.dll
0x00007ffa73b80000 - 0x00007ffa743e9000 	C:\WINDOWS\System32\SHELL32.dll
0x00007ffa70540000 - 0x00007ffa70e3f000 	C:\WINDOWS\SYSTEM32\windows.storage.dll
0x00007ffa70400000 - 0x00007ffa7053f000 	C:\WINDOWS\SYSTEM32\wintypes.dll
0x00007ffa743f0000 - 0x00007ffa744e9000 	C:\WINDOWS\System32\SHCORE.dll
0x00007ffa73b20000 - 0x00007ffa73b7e000 	C:\WINDOWS\System32\shlwapi.dll
0x00007ffa72550000 - 0x00007ffa72577000 	C:\WINDOWS\SYSTEM32\profapi.dll
0x00007ffa5a180000 - 0x00007ffa5a190000 	D:\App\Android Studio\jbr\bin\net.dll
0x00007ffa6e030000 - 0x00007ffa6e166000 	C:\WINDOWS\SYSTEM32\WINHTTP.dll
0x00007ffa71a90000 - 0x00007ffa71af9000 	C:\WINDOWS\system32\mswsock.dll
0x00007ffa57430000 - 0x00007ffa57446000 	D:\App\Android Studio\jbr\bin\nio.dll
0x00007ffa66fb0000 - 0x00007ffa66fc0000 	D:\App\Android Studio\jbr\bin\verify.dll
0x00007ffa71de0000 - 0x00007ffa71dfb000 	C:\WINDOWS\SYSTEM32\CRYPTSP.dll
0x00007ffa71590000 - 0x00007ffa715c5000 	C:\WINDOWS\system32\rsaenh.dll
0x00007ffa71b30000 - 0x00007ffa71b58000 	C:\WINDOWS\SYSTEM32\USERENV.dll
0x00007ffa71dc0000 - 0x00007ffa71dcc000 	C:\WINDOWS\SYSTEM32\CRYPTBASE.dll
0x00007ffa710a0000 - 0x00007ffa710cd000 	C:\WINDOWS\SYSTEM32\IPHLPAPI.DLL
0x00007ffa74e30000 - 0x00007ffa74e39000 	C:\WINDOWS\System32\NSI.dll
0x00007ffa52f20000 - 0x00007ffa53009000 	C:\Users\Admin\AppData\Local\Temp\sqlite-3.41.2.2-4d0af121-41d0-4e97-978a-d741e2eeaef6-sqlitejdbc.dll

dbghelp: loaded successfully - version: 4.0.5 - missing functions: none
symbol engine: initialized successfully - sym options: 0x614 - pdb path: .;D:\App\Android Studio\jbr\bin;C:\WINDOWS\SYSTEM32;C:\WINDOWS\WinSxS\amd64_microsoft.windows.common-controls_6595b64144ccf1df_6.0.22621.3672_none_2713b9d173822955;D:\App\Android Studio\jbr\bin\server;C:\Users\Admin\AppData\Local\Temp

VM Arguments:
java_command: org.jetbrains.kotlin.cli.jvm.K2JVMCompiler @D:\HOCTAP\Ky4\DACS3\DACS3-fe\DACS3\app\build\20250516_3429322954061697295.compiler.options
java_class_path (initial): C:\Users\Admin\.gradle\caches\modules-2\files-2.1\org.jetbrains.kotlin\kotlin-compiler-embeddable\1.9.22\9cd4dc7773cf2a99ecd961a88fbbc9a2da3fb5e1\kotlin-compiler-embeddable-1.9.22.jar;C:\Users\Admin\.gradle\caches\modules-2\files-2.1\org.jetbrains.kotlin\kotlin-stdlib\1.9.22\d6c44cd08d8f3f9bece8101216dbe6553365c6e3\kotlin-stdlib-1.9.22.jar;C:\Users\Admin\.gradle\caches\modules-2\files-2.1\org.jetbrains.kotlin\kotlin-script-runtime\1.9.22\f8139a46fc677ec9badc49ae954392f4f5e7e7c7\kotlin-script-runtime-1.9.22.jar;C:\Users\Admin\.gradle\caches\modules-2\files-2.1\org.jetbrains.kotlin\kotlin-reflect\1.9.22\761ab33cf85f03a3a24595e1b92639d82e7a9564\kotlin-reflect-1.9.22.jar;C:\Users\Admin\.gradle\caches\modules-2\files-2.1\org.jetbrains.kotlin\kotlin-daemon-embeddable\1.9.22\20e2c5df715f3240c765cfc222530e2796542021\kotlin-daemon-embeddable-1.9.22.jar;C:\Users\Admin\.gradle\caches\modules-2\files-2.1\org.jetbrains.intellij.deps\trove4j\1.0.20200330\3afb14d5f9ceb459d724e907a21145e8ff394f02\trove4j-1.0.20200330.jar;C:\Users\Admin\.gradle\caches\modules-2\files-2.1\org.jetbrains\annotations\13.0\919f0dfe192fb4e063e7dacadee7f8bb9a2672a9\annotations-13.0.jar
Launcher Type: SUN_STANDARD

[Global flags]
     intx CICompilerCount                          = 4                                         {product} {ergonomic}
     uint ConcGCThreads                            = 2                                         {product} {ergonomic}
     uint G1ConcRefinementThreads                  = 8                                         {product} {ergonomic}
   size_t G1HeapRegionSize                         = 2097152                                   {product} {ergonomic}
    uintx GCDrainStackTargetSize                   = 64                                        {product} {ergonomic}
   size_t InitialHeapSize                          = 266338304                                 {product} {ergonomic}
   size_t MarkStackSize                            = 4194304                                   {product} {ergonomic}
   size_t MaxHeapSize                              = 4236247040                                {product} {ergonomic}
   size_t MaxNewSize                               = 2541748224                                {product} {ergonomic}
   size_t MinHeapDeltaBytes                        = 2097152                                   {product} {ergonomic}
   size_t MinHeapSize                              = 8388608                                   {product} {ergonomic}
    uintx NonNMethodCodeHeapSize                   = 5839372                                {pd product} {ergonomic}
    uintx NonProfiledCodeHeapSize                  = 122909434                              {pd product} {ergonomic}
    uintx ProfiledCodeHeapSize                     = 122909434                              {pd product} {ergonomic}
    uintx ReservedCodeCacheSize                    = 251658240                              {pd product} {ergonomic}
     bool SegmentedCodeCache                       = true                                      {product} {ergonomic}
   size_t SoftMaxHeapSize                          = 4236247040                             {manageable} {ergonomic}
     bool UseCompressedOops                        = true                           {product lp64_product} {ergonomic}
     bool UseG1GC                                  = true                                      {product} {ergonomic}
     bool UseLargePagesIndividualAllocation        = false                                  {pd product} {ergonomic}

Logging:
Log output configuration:
 #0: stdout all=warning uptime,level,tags foldmultilines=false
 #1: stderr all=off uptime,level,tags foldmultilines=false

Environment Variables:
JAVA_HOME=C:\Program Files\Java\jdk-23
PATH=C:\Program Files\Common Files\Oracle\Java\javapath;C:\WINDOWS\system32;C:\WINDOWS;C:\WINDOWS\System32\Wbem;C:\WINDOWS\System32\WindowsPowerShell\v1.0\;C:\WINDOWS\System32\OpenSSH\;C:\Program Files (x86)\Microsoft SQL Server\160\Tools\Binn\;C:\Program Files\Microsoft SQL Server\160\Tools\Binn\;C:\Program Files\Microsoft SQL Server\Client SDK\ODBC\170\Tools\Binn\;C:\Program Files\Microsoft SQL Server\160\DTS\Binn\;C:\Program Files\Cloudflare\Cloudflare WARP\;D:\Xampp\php;D:\App\nodeJS\;D:\App\composer;D:\Git\cmd;C:\Program Files\Java\jdk-20\bin;D:\HOCTAP\Ky4\JavaWeb\apache-maven-3.9.9-bin\apache-maven-3.9.9\bin;C:\Program Files\Java\jdk-23\bin;C:\Program Files\MySQL\MySQL Shell 8.0\bin\;C:\Program Files\Common Files\Oracle\Java\javapath;C:\WINDOWS\system32;C:\WINDOWS;C:\WINDOWS\System32\Wbem;C:\WINDOWS\System32\WindowsPowerShell\v1.0\;C:\WINDOWS\System32\OpenSSH\;C:\Program Files (x86)\Microsoft SQL Server\160\Tools\Binn\;C:\Program Files\Microsoft SQL Server\160\Tools\Binn\;C:\Program Files\Microsoft SQL Server\Client SDK\ODBC\170\Tools\Binn\;C:\Program Files\Microsoft SQL Server\160\DTS\Binn\;C:\Program Files\Cloudflare\Cloudflare WARP\;D:\Xampp\php;D:\App\nodeJS\;D:\App\composer;D:\Git\cmd;C:\Program Files\Java\jdk-20\bin;D:\HOCTAP\Ky4\JavaWeb\apache-maven-3.9.9-bin\apache-maven-3.9.9\bin;C:\Program Files\Common Files\Oracle\Java\javapath;C:\WINDOWS\system32;C:\WINDOWS;C:\WINDOWS\System32\Wbem;C:\WINDOWS\System32\WindowsPowerShell\v1.0\;C:\WINDOWS\System32\OpenSSH\;C:\Program Files (x86)\Microsoft SQL Server\160\Tools\Binn\;C:\Program Files\Microsoft SQL Server\160\Tools\Binn\;C:\Program Files\Microsoft SQL Server\Client SDK\ODBC\170\Tools\Binn\;C:\Program Files\Microsoft SQL Server\160\DTS\Binn\;C:\Program Files\Cloudflare\Cloudflare WARP\;C:\Users\Admin\AppData\Local\Programs\Microsoft VS Code\bin;D:\App\Windsurf\bin;C:\Users\Admin\AppData\Local\Programs\cursor\resources\app\bin
USERNAME=Admin
OS=Windows_NT
PROCESSOR_IDENTIFIER=Intel64 Family 6 Model 142 Stepping 12, GenuineIntel
TMP=C:\Users\Admin\AppData\Local\Temp
TEMP=C:\Users\Admin\AppData\Local\Temp




Periodic native trim disabled

JNI global refs:
JNI global refs: 24, weak refs: 17

JNI global refs memory usage: 835, weak refs: 833

Process memory usage:
Resident Set Size: 382876K (2% of 16546904K total physical memory with 873028K free physical memory)

OOME stack traces (most recent first):
Classloader memory used:
Loader jdk.internal.loader.ClassLoaders$AppClassLoader                                 : 45876K
Loader bootstrap                                                                       : 14784K
Loader java.net.URLClassLoader                                                         : 9144K
Loader jdk.internal.loader.ClassLoaders$PlatformClassLoader                            : 235K

---------------  S Y S T E M  ---------------

OS:
 Windows 11 , 64 bit Build 22621 (10.0.22621.3958)
OS uptime: 0 days 3:39 hours
Hyper-V role detected

CPU: total 8 (initial active 8) (4 cores per cpu, 2 threads per core) family 6 model 142 stepping 12 microcode 0xde, cx8, cmov, fxsr, ht, mmx, 3dnowpref, sse, sse2, sse3, ssse3, sse4.1, sse4.2, popcnt, lzcnt, tsc, tscinvbit, avx, avx2, aes, erms, clmul, bmi1, bmi2, adx, fma, vzeroupper, clflush, clflushopt, hv, rdtscp, f16c
Processor Information for all 8 processors :
  Max Mhz: 2112, Current Mhz: 1910, Mhz Limit: 1900

Memory: 4k page, system-wide physical 16159M (847M free)
TotalPageFile size 21159M (AvailPageFile size 9M)
current process WorkingSet (physical memory assigned to process): 372M, peak: 374M
current process commit charge ("private bytes"): 414M, peak: 419M

vm_info: OpenJDK 64-Bit Server VM (21.0.4+-12508038-b607.1) for windows-amd64 JRE (21.0.4+-12508038-b607.1), built on 2024-10-16T17:23:34Z by "builder" with MS VC++ 16.10 / 16.11 (VS2019)

END.
